Arguments: 
  C:\Program Files\nodejs\node.exe C:\Users\Rodrigo Vieira\AppData\Roaming\npm\node_modules\yarn\bin\yarn.js add -D jest-environment-jsdom

PATH: 
  C:\Program Files\Git\mingw64\bin;C:\Program Files\Git\usr\bin;C:\Users\Rodrigo Vieira\bin;C:\Python310\Scripts;C:\Python310;C:\Python39\Scripts;C:\Python39;C:\Python38\Scripts;C:\Python38;C:\WINDOWS\system32;C:\WINDOWS;C:\WINDOWS\System32\Wbem;C:\WINDOWS\System32\WindowsPowerShell\v1.0;C:\WINDOWS\System32\OpenSSH;C:\Program Files\Git\cmd;C:\ProgramData\chocolatey\bin;C:\Program Files\OpenJDK\openjdk-11.0.13_8\bin;C:\Program Files\nodejs;C:\Users\Rodrigo Vieira\AppData\Local\Microsoft\WindowsApps;C:\Users\Rodrigo Vieira\AppData\Local\Programs\Microsoft VS Code\bin;C:\Users\Rodrigo Vieira\AppData\Local\Android\Sdk\emulator;C:\Users\Rodrigo Vieira\AppData\Local\Android\Sdk\tools;C:\Users\Rodrigo Vieira\AppData\Local\Android\Sdk\tools\bin;C:\Users\Rodrigo Vieira\AppData\Local\Android\Sdk\platform-tools;C:\Users\Rodrigo Vieira\AppData\Roaming\npm

Yarn version: 
  1.22.11

Node version: 
  16.14.0

Platform: 
  win32 x64

Trace: 
  Error: EPERM: operation not permitted, copyfile 'C:\Users\Rodrigo Vieira\AppData\Local\Yarn\Cache\v6\npm-csstype-3.1.0-4ddcac3718d787cf9df0d1b7d15033925c8f29f2-integrity\node_modules\csstype\package.json' -> 'C:\Users\Rodrigo Vieira\Documents\Projects\search-heros\node_modules\csstype\package.json'

npm manifest: 
  {
    "name": "search-heros",
    "version": "1.0.0",
    "description": "",
    "main": "index.js",
    "scripts": {
      "start": "webpack-cli serve --open --mode development",
      "test": "jest --passWithNoTests --no-cache --runInBand",
      "test:watch": "npm test -- --watch",
      "test:staged": "npm test -- --findRelatedTests",
      "test:ci": "npm test -- --coverage",
      "cypress:open": "cypress open"
    },
    "author": "Rodrigo Vieira",
    "license": "ISC",
    "devDependencies": {
      "@testing-library/react": "^13.3.0",
      "@types/axios": "^0.14.0",
      "@types/jest": "^29.0.0",
      "@types/node": "^18.7.14",
      "@types/react": "^18.0.17",
      "@types/react-dom": "^18.0.6",
      "@types/react-router-dom": "^5.1.7",
      "@typescript-eslint/eslint-plugin": "^5.35.1",
      "clean-webpack-plugin": "^4.0.0-alpha.0",
      "css-loader": "^6.7.1",
      "cypress": "^10.6.0",
      "cypress-react-selector": "^3.0.0",
      "eslint": "^8.23.0",
      "eslint-config-standard-with-typescript": "^22.0.0",
      "eslint-plugin-import": "^2.22.1",
      "eslint-plugin-node": "^11.1.0",
      "eslint-plugin-promise": "^6.0.1",
      "eslint-plugin-react": "^7.23.2",
      "eslint-plugin-standard": "^5.0.0",
      "file-loader": "^6.2.0",
      "identity-obj-proxy": "^3.0.0",
      "jest": "^29.0.1",
      "jest-localstorage-mock": "^2.4.14",
      "lint-staged": "^13.0.3",
      "node-sass": "^7.0.1",
      "sass-loader": "^13.0.2",
      "style-loader": "^3.3.1",
      "ts-jest": "^28.0.8",
      "ts-loader": "^9.2.1",
      "typescript": "^4.2.2",
      "url-loader": "^4.1.1",
      "webpack": "^5.37.1",
      "webpack-cli": "^4.7.0",
      "webpack-dev-server": "^4.10.1"
    },
    "dependencies": {
      "axios": "^0.27.2",
      "react": "^18.2.0",
      "react-dom": "^18.2.0",
      "react-router-dom": "^6.3.0"
    }
  }

yarn manifest: 
  No manifest

Lockfile: 
  No lockfile
